<?xml version="1.0" encoding="UTF-8"?>
<testsuite xmlns:xsi="http://www.w3.org/2001/XMLSchema-instance" xsi:noNamespaceSchemaLocation="https://maven.apache.org/surefire/maven-surefire-plugin/xsd/surefire-test-report-3.0.xsd" version="3.0" name="ca.umontreal.TestClass" time="0.158" tests="4" errors="0" skipped="0" failures="0">
  <properties>
[...]
</properties>
  <testcase name="testMenuConnexionExit" classname="ca.umontreal.TestClass" time="0.007"/>
  <testcase name="testMenuConnexionInvalidOption" classname="ca.umontreal.TestClass" time="0.002">
    <system-out><![CDATA[
Entrez un nombre de 1 à 3 pour choisir une option:

]]></system-out>
  </testcase>
  <testcase name="testChoixMenuSoumettre" classname="ca.umontreal.TestClass" time="0.148">
    <system-out><![CDATA[Rest API server stopped.
]]></system-out>
  </testcase>
  <testcase name="testMenuConnexionSeConnecter" classname="ca.umontreal.TestClass" time="0.0"/>
</testsuite>